{"C:\\Users\\ajink\\OneDrive\\Documents\\GitHub\\testConfig\\src\\App.jsx": {"path":"C:\\Users\\ajink\\OneDrive\\Documents\\GitHub\\testConfig\\src\\App.jsx","all":false,"statementMap":{"0":{"start":{"line":1,"column":0},"end":{"line":1,"column":32}},"1":{"start":{"line":2,"column":0},"end":{"line":2,"column":18}},"2":{"start":{"line":3,"column":0},"end":{"line":3,"column":29}},"4":{"start":{"line":5,"column":0},"end":{"line":5,"column":16}},"6":{"start":{"line":7,"column":0},"end":{"line":7,"column":37}},"7":{"start":{"line":8,"column":0},"end":{"line":8,"column":37}},"8":{"start":{"line":9,"column":0},"end":{"line":9,"column":43}},"9":{"start":{"line":10,"column":0},"end":{"line":10,"column":10}},"10":{"start":{"line":11,"column":0},"end":{"line":11,"column":6}},"11":{"start":{"line":12,"column":0},"end":{"line":12,"column":18}},"12":{"start":{"line":13,"column":0},"end":{"line":13,"column":103}},"13":{"start":{"line":14,"column":0},"end":{"line":14,"column":22}},"14":{"start":{"line":15,"column":0},"end":{"line":15,"column":103}},"15":{"start":{"line":16,"column":0},"end":{"line":16,"column":22}},"16":{"start":{"line":17,"column":0},"end":{"line":17,"column":31}},"17":{"start":{"line":18,"column":0},"end":{"line":18,"column":76}},"18":{"start":{"line":19,"column":0},"end":{"line":19,"column":7}},"20":{"start":{"line":21,"column":0},"end":{"line":21,"column":1}},"22":{"start":{"line":23,"column":0},"end":{"line":23,"column":18}}},"s":{"0":1,"1":1,"2":1,"4":1,"6":1,"7":1,"8":1,"9":1,"10":1,"11":1,"12":1,"13":1,"14":1,"15":1,"16":1,"17":1,"18":1,"20":1,"22":1},"branchMap":{"0":{"type":"branch","line":5,"loc":{"start":{"line":5,"column":0},"end":{"line":21,"column":1}},"locations":[{"start":{"line":5,"column":0},"end":{"line":21,"column":1}}]}},"b":{"0":[1]},"fnMap":{"0":{"name":"App","decl":{"start":{"line":5,"column":0},"end":{"line":21,"column":1}},"loc":{"start":{"line":5,"column":0},"end":{"line":21,"column":1}},"line":5},"1":{"name":"onChange","decl":{"start":{"line":13,"column":25},"end":{"line":13,"column":55}},"loc":{"start":{"line":13,"column":25},"end":{"line":13,"column":55}},"line":13},"2":{"name":"onChange","decl":{"start":{"line":15,"column":25},"end":{"line":15,"column":55}},"loc":{"start":{"line":15,"column":25},"end":{"line":15,"column":55}},"line":15},"3":{"name":"onClick","decl":{"start":{"line":18,"column":25},"end":{"line":18,"column":58}},"loc":{"start":{"line":18,"column":25},"end":{"line":18,"column":58}},"line":18}},"f":{"0":1,"1":0,"2":0,"3":0}}
,"C:\\Users\\ajink\\OneDrive\\Documents\\GitHub\\testConfig\\src\\main.jsx": {"path":"C:\\Users\\ajink\\OneDrive\\Documents\\GitHub\\testConfig\\src\\main.jsx","all":true,"statementMap":{"0":{"start":{"line":1,"column":0},"end":{"line":1,"column":25}},"1":{"start":{"line":2,"column":0},"end":{"line":2,"column":39}},"2":{"start":{"line":3,"column":0},"end":{"line":3,"column":27}},"3":{"start":{"line":4,"column":0},"end":{"line":4,"column":20}},"5":{"start":{"line":6,"column":0},"end":{"line":6,"column":60}},"6":{"start":{"line":7,"column":0},"end":{"line":7,"column":20}},"7":{"start":{"line":8,"column":0},"end":{"line":8,"column":11}},"8":{"start":{"line":9,"column":0},"end":{"line":9,"column":22}},"9":{"start":{"line":10,"column":0},"end":{"line":10,"column":1}}},"s":{"0":0,"1":0,"2":0,"3":0,"5":0,"6":0,"7":0,"8":0,"9":0},"branchMap":{"0":{"type":"branch","line":1,"loc":{"start":{"line":1,"column":234},"end":{"line":10,"column":1}},"locations":[{"start":{"line":1,"column":234},"end":{"line":10,"column":1}}]}},"b":{"0":[0]},"fnMap":{"0":{"name":"(empty-report)","decl":{"start":{"line":1,"column":234},"end":{"line":10,"column":1}},"loc":{"start":{"line":1,"column":234},"end":{"line":10,"column":1}},"line":1}},"f":{"0":0}}
,"C:\\Users\\ajink\\OneDrive\\Documents\\GitHub\\testConfig\\src\\utils.js": {"path":"C:\\Users\\ajink\\OneDrive\\Documents\\GitHub\\testConfig\\src\\utils.js","all":false,"statementMap":{"0":{"start":{"line":1,"column":0},"end":{"line":1,"column":27}},"1":{"start":{"line":2,"column":0},"end":{"line":2,"column":37}},"2":{"start":{"line":3,"column":0},"end":{"line":3,"column":37}},"3":{"start":{"line":4,"column":0},"end":{"line":4,"column":17}},"4":{"start":{"line":5,"column":0},"end":{"line":5,"column":3}}},"s":{"0":1,"1":3,"2":3,"3":3,"4":3},"branchMap":{"0":{"type":"branch","line":1,"loc":{"start":{"line":1,"column":7},"end":{"line":5,"column":3}},"locations":[{"start":{"line":1,"column":7},"end":{"line":5,"column":3}}]},"1":{"type":"branch","line":2,"loc":{"start":{"line":2,"column":17},"end":{"line":2,"column":20}},"locations":[{"start":{"line":2,"column":17},"end":{"line":2,"column":20}}]},"2":{"type":"branch","line":2,"loc":{"start":{"line":2,"column":21},"end":{"line":2,"column":36}},"locations":[{"start":{"line":2,"column":21},"end":{"line":2,"column":36}}]},"3":{"type":"branch","line":3,"loc":{"start":{"line":3,"column":17},"end":{"line":3,"column":20}},"locations":[{"start":{"line":3,"column":17},"end":{"line":3,"column":20}}]},"4":{"type":"branch","line":3,"loc":{"start":{"line":3,"column":21},"end":{"line":3,"column":36}},"locations":[{"start":{"line":3,"column":21},"end":{"line":3,"column":36}}]}},"b":{"0":[3],"1":[1],"2":[2],"3":[1],"4":[2]},"fnMap":{"0":{"name":"sum","decl":{"start":{"line":1,"column":7},"end":{"line":5,"column":3}},"loc":{"start":{"line":1,"column":7},"end":{"line":5,"column":3}},"line":1}},"f":{"0":3}}
}
